0 verbose cli C:\Program Files\nodejs\node.exe C:\Program Files\nodejs\node_modules\npm\bin\npm-cli.js
1 info using npm@10.9.3
2 info using node@v22.19.0
3 silly config load:file:C:\Program Files\nodejs\node_modules\npm\npmrc
4 silly config load:file:C:\Users\mehar\PROJECTS\MY-PROJECT\Store-Admin\.npmrc
5 silly config load:file:C:\Users\mehar\.npmrc
6 silly config load:file:C:\Users\mehar\AppData\Roaming\npm\etc\npmrc
7 verbose title npm i
8 verbose argv "i"
9 verbose logfile logs-max:10 dir:C:\Users\mehar\PROJECTS\MY-PROJECT\Store-Admin\.npm-cache\_logs\2026-03-10T16_33_07_492Z-
10 verbose logfile C:\Users\mehar\PROJECTS\MY-PROJECT\Store-Admin\.npm-cache\_logs\2026-03-10T16_33_07_492Z-debug-0.log
11 silly logfile done cleaning log files
12 silly packumentCache heap:2197815296 maxSize:549453824 maxEntrySize:274726912
13 silly idealTree buildDeps
14 silly fetch manifest zone.js@^0.15.0
15 silly packumentCache full:https://registry.npmjs.org/zone.js cache-miss
16 http fetch GET 200 https://registry.npmjs.org/npm 728ms
17 http fetch GET 200 https://registry.npmjs.org/zone.js 924ms (cache miss)
18 silly packumentCache full:https://registry.npmjs.org/zone.js set size:undefined disposed:false
19 silly placeDep ROOT zone.js@0.15.1 OK for: store-admin@0.0.0 want: ^0.15.0
20 silly reify moves {}
21 silly audit bulk request {
21 silly audit   '@acemir/cssom': [ '0.9.31' ],
21 silly audit   '@algolia/abtesting': [ '1.14.1' ],
21 silly audit   '@algolia/client-abtesting': [ '5.48.1' ],
21 silly audit   '@algolia/client-analytics': [ '5.48.1' ],
21 silly audit   '@algolia/client-common': [ '5.48.1' ],
21 silly audit   '@algolia/client-insights': [ '5.48.1' ],
21 silly audit   '@algolia/client-personalization': [ '5.48.1' ],
21 silly audit   '@algolia/client-query-suggestions': [ '5.48.1' ],
21 silly audit   '@algolia/client-search': [ '5.48.1' ],
21 silly audit   '@algolia/ingestion': [ '1.48.1' ],
21 silly audit   '@algolia/monitoring': [ '1.48.1' ],
21 silly audit   '@algolia/recommend': [ '5.48.1' ],
21 silly audit   '@algolia/requester-browser-xhr': [ '5.48.1' ],
21 silly audit   '@algolia/requester-fetch': [ '5.48.1' ],
21 silly audit   '@algolia/requester-node-http': [ '5.48.1' ],
21 silly audit   '@ampproject/remapping': [ '2.3.0' ],
21 silly audit   '@angular-devkit/architect': [ '0.2102.1' ],
21 silly audit   '@angular-devkit/core': [ '21.2.1' ],
21 silly audit   '@angular-devkit/schematics': [ '21.2.1' ],
21 silly audit   '@angular/build': [ '21.2.1' ],
21 silly audit   '@angular/cli': [ '21.2.1' ],
21 silly audit   '@angular/common': [ '21.2.1' ],
21 silly audit   '@angular/compiler': [ '21.2.1' ],
21 silly audit   '@angular/compiler-cli': [ '21.2.1' ],
21 silly audit   '@angular/core': [ '21.2.1' ],
21 silly audit   '@angular/forms': [ '21.2.1' ],
21 silly audit   '@angular/localize': [ '21.2.1' ],
21 silly audit   '@angular/platform-browser': [ '21.2.1' ],
21 silly audit   '@angular/platform-server': [ '21.2.1' ],
21 silly audit   '@angular/router': [ '21.2.1' ],
21 silly audit   '@angular/ssr': [ '21.2.1' ],
21 silly audit   '@asamuzakjp/css-color': [ '5.0.1' ],
21 silly audit   'lru-cache': [ '11.2.6', '5.1.1' ],
21 silly audit   '@asamuzakjp/dom-selector': [ '6.8.1' ],
21 silly audit   '@asamuzakjp/nwsapi': [ '2.3.9' ],
21 silly audit   '@babel/code-frame': [ '7.29.0' ],
21 silly audit   '@babel/compat-data': [ '7.29.0' ],
21 silly audit   '@babel/core': [ '7.29.0' ],
21 silly audit   'convert-source-map': [ '2.0.0', '1.9.0' ],
21 silly audit   semver: [ '6.3.1', '7.7.4' ],
21 silly audit   '@babel/generator': [ '7.29.1' ],
21 silly audit   '@babel/helper-annotate-as-pure': [ '7.27.3' ],
21 silly audit   '@babel/helper-compilation-targets': [ '7.28.6' ],
21 silly audit   '@babel/helper-globals': [ '7.28.0' ],
21 silly audit   '@babel/helper-module-imports': [ '7.28.6' ],
21 silly audit   '@babel/helper-module-transforms': [ '7.28.6' ],
21 silly audit   '@babel/helper-split-export-declaration': [ '7.24.7' ],
21 silly audit   '@babel/helper-string-parser': [ '7.27.1' ],
21 silly audit   '@babel/helper-validator-identifier': [ '7.28.5' ],
21 silly audit   '@babel/helper-validator-option': [ '7.27.1' ],
21 silly audit   '@babel/helpers': [ '7.28.6' ],
21 silly audit   '@babel/parser': [ '7.29.0' ],
21 silly audit   '@babel/template': [ '7.28.6' ],
21 silly audit   '@babel/traverse': [ '7.29.0' ],
21 silly audit   '@babel/types': [ '7.29.0' ],
21 silly audit   '@bramus/specificity': [ '2.4.2' ],
21 silly audit   '@csstools/color-helpers': [ '6.0.2' ],
21 silly audit   '@csstools/css-calc': [ '3.1.1' ],
21 silly audit   '@csstools/css-color-parser': [ '4.0.2' ],
21 silly audit   '@csstools/css-parser-algorithms': [ '4.0.0' ],
21 silly audit   '@csstools/css-syntax-patches-for-csstree': [ '1.1.0' ],
21 silly audit   '@csstools/css-tokenizer': [ '4.0.0' ],
21 silly audit   '@emnapi/core': [ '1.8.1' ],
21 silly audit   '@emnapi/runtime': [ '1.8.1' ],
21 silly audit   '@emnapi/wasi-threads': [ '1.1.0' ],
21 silly audit   '@esbuild/aix-ppc64': [ '0.27.3' ],
21 silly audit   '@esbuild/android-arm': [ '0.27.3' ],
21 silly audit   '@esbuild/android-arm64': [ '0.27.3' ],
21 silly audit   '@esbuild/android-x64': [ '0.27.3' ],
21 silly audit   '@esbuild/darwin-arm64': [ '0.27.3' ],
21 silly audit   '@esbuild/darwin-x64': [ '0.27.3' ],
21 silly audit   '@esbuild/freebsd-arm64': [ '0.27.3' ],
21 silly audit   '@esbuild/freebsd-x64': [ '0.27.3' ],
21 silly audit   '@esbuild/linux-arm': [ '0.27.3' ],
21 silly audit   '@esbuild/linux-arm64': [ '0.27.3' ],
21 silly audit   '@esbuild/linux-ia32': [ '0.27.3' ],
21 silly audit   '@esbuild/linux-loong64': [ '0.27.3' ],
21 silly audit   '@esbuild/linux-mips64el': [ '0.27.3' ],
21 silly audit   '@esbuild/linux-ppc64': [ '0.27.3' ],
21 silly audit   '@esbuild/linux-riscv64': [ '0.27.3' ],
21 silly audit   '@esbuild/linux-s390x': [ '0.27.3' ],
21 silly audit   '@esbuild/linux-x64': [ '0.27.3' ],
21 silly audit   '@esbuild/netbsd-arm64': [ '0.27.3' ],
21 silly audit   '@esbuild/netbsd-x64': [ '0.27.3' ],
21 silly audit   '@esbuild/openbsd-arm64': [ '0.27.3' ],
21 silly audit   '@esbuild/openbsd-x64': [ '0.27.3' ],
21 silly audit   '@esbuild/openharmony-arm64': [ '0.27.3' ],
21 silly audit   '@esbuild/sunos-x64': [ '0.27.3' ],
21 silly audit   '@esbuild/win32-arm64': [ '0.27.3' ],
21 silly audit   '@esbuild/win32-ia32': [ '0.27.3' ],
21 silly audit   '@esbuild/win32-x64': [ '0.27.3' ],
21 silly audit   '@exodus/bytes': [ '1.15.0' ],
21 silly audit   '@gar/promise-retry': [ '1.0.2' ],
21 silly audit   '@harperfast/extended-iterable': [ '1.0.3' ],
21 silly audit   '@hono/node-server': [ '1.19.11' ],
21 silly audit   '@inquirer/ansi': [ '1.0.2' ],
21 silly audit   '@inquirer/checkbox': [ '4.3.2' ],
21 silly audit   '@inquirer/confirm': [ '5.1.21' ],
21 silly audit   '@inquirer/core': [ '10.3.2' ],
21 silly audit   '@inquirer/editor': [ '4.2.23' ],
21 silly audit   '@inquirer/expand': [ '4.0.23' ],
21 silly audit   '@inquirer/external-editor': [ '1.0.3' ],
21 silly audit   '@inquirer/figures': [ '1.0.15' ],
21 silly audit   '@inquirer/input': [ '4.3.1' ],
21 silly audit   '@inquirer/number': [ '3.0.23' ],
21 silly audit   '@inquirer/password': [ '4.0.23' ],
21 silly audit   '@inquirer/prompts': [ '7.10.1' ],
21 silly audit   '@inquirer/rawlist': [ '4.1.11' ],
21 silly audit   '@inquirer/search': [ '3.2.2' ],
21 silly audit   '@inquirer/select': [ '4.4.2' ],
21 silly audit   '@inquirer/type': [ '3.0.10' ],
21 silly audit   '@isaacs/fs-minipass': [ '4.0.1' ],
21 silly audit   '@istanbuljs/schema': [ '0.1.3' ],
21 silly audit   '@jridgewell/gen-mapping': [ '0.3.13' ],
21 silly audit   '@jridgewell/remapping': [ '2.3.5' ],
21 silly audit   '@jridgewell/resolve-uri': [ '3.1.2' ],
21 silly audit   '@jridgewell/sourcemap-codec': [ '1.5.5' ],
21 silly audit   '@jridgewell/trace-mapping': [ '0.3.31' ],
21 silly audit   '@listr2/prompt-adapter-inquirer': [ '3.0.5' ],
21 silly audit   '@lmdb/lmdb-darwin-arm64': [ '3.5.1' ],
21 silly audit   '@lmdb/lmdb-darwin-x64': [ '3.5.1' ],
21 silly audit   '@lmdb/lmdb-linux-arm': [ '3.5.1' ],
21 silly audit   '@lmdb/lmdb-linux-arm64': [ '3.5.1' ],
21 silly audit   '@lmdb/lmdb-linux-x64': [ '3.5.1' ],
21 silly audit   '@lmdb/lmdb-win32-arm64': [ '3.5.1' ],
21 silly audit   '@lmdb/lmdb-win32-x64': [ '3.5.1' ],
21 silly audit   '@modelcontextprotocol/sdk': [ '1.26.0' ],
21 silly audit   '@msgpackr-extract/msgpackr-extract-darwin-arm64': [ '3.0.3' ],
21 silly audit   '@msgpackr-extract/msgpackr-extract-darwin-x64': [ '3.0.3' ],
21 silly audit   '@msgpackr-extract/msgpackr-extract-linux-arm': [ '3.0.3' ],
21 silly audit   '@msgpackr-extract/msgpackr-extract-linux-arm64': [ '3.0.3' ],
21 silly audit   '@msgpackr-extract/msgpackr-extract-linux-x64': [ '3.0.3' ],
21 silly audit   '@msgpackr-extract/msgpackr-extract-win32-x64': [ '3.0.3' ],
21 silly audit   '@napi-rs/nice': [ '1.1.1' ],
21 silly audit   '@napi-rs/nice-android-arm-eabi': [ '1.1.1' ],
21 silly audit   '@napi-rs/nice-android-arm64': [ '1.1.1' ],
21 silly audit   '@napi-rs/nice-darwin-arm64': [ '1.1.1' ],
21 silly audit   '@napi-rs/nice-darwin-x64': [ '1.1.1' ],
21 silly audit   '@napi-rs/nice-freebsd-x64': [ '1.1.1' ],
21 silly audit   '@napi-rs/nice-linux-arm-gnueabihf': [ '1.1.1' ],
21 silly audit   '@napi-rs/nice-linux-arm64-gnu': [ '1.1.1' ],
21 silly audit   '@napi-rs/nice-linux-arm64-musl': [ '1.1.1' ],
21 silly audit   '@napi-rs/nice-linux-ppc64-gnu': [ '1.1.1' ],
21 silly audit   '@napi-rs/nice-linux-riscv64-gnu': [ '1.1.1' ],
21 silly audit   '@napi-rs/nice-linux-s390x-gnu': [ '1.1.1' ],
21 silly audit   '@napi-rs/nice-linux-x64-gnu': [ '1.1.1' ],
21 silly audit   '@napi-rs/nice-linux-x64-musl': [ '1.1.1' ],
21 silly audit   '@napi-rs/nice-openharmony-arm64': [ '1.1.1' ],
21 silly audit   '@napi-rs/nice-win32-arm64-msvc': [ '1.1.1' ],
21 silly audit   '@napi-rs/nice-win32-ia32-msvc': [ '1.1.1' ],
21 silly audit   '@napi-rs/nice-win32-x64-msvc': [ '1.1.1' ],
21 silly audit   '@napi-rs/wasm-runtime': [ '1.1.1' ],
21 silly audit   '@ng-bootstrap/ng-bootstrap': [ '20.0.0' ],
21 silly audit   '@npmcli/agent': [ '4.0.0' ],
21 silly audit   '@npmcli/fs': [ '5.0.0' ],
21 silly audit   '@npmcli/git': [ '7.0.2' ],
21 silly audit   isexe: [ '4.0.0', '2.0.0' ],
21 silly audit   which: [ '6.0.1', '2.0.2' ],
21 silly audit   '@npmcli/installed-package-contents': [ '4.0.0' ],
21 silly audit   '@npmcli/node-gyp': [ '5.0.0' ],
21 silly audit   '@npmcli/package-json': [ '7.0.5' ],
21 silly audit   '@npmcli/promise-spawn': [ '9.0.1' ],
21 silly audit   '@npmcli/redact': [ '4.0.0' ],
21 silly audit   '@npmcli/run-script': [ '10.0.4' ],
21 silly audit   '@oxc-project/types': [ '0.113.0' ],
21 silly audit   '@parcel/watcher': [ '2.5.6' ],
21 silly audit   '@parcel/watcher-android-arm64': [ '2.5.6' ],
21 silly audit   '@parcel/watcher-darwin-arm64': [ '2.5.6' ],
21 silly audit   '@parcel/watcher-darwin-x64': [ '2.5.6' ],
21 silly audit   '@parcel/watcher-freebsd-x64': [ '2.5.6' ],
21 silly audit   '@parcel/watcher-linux-arm-glibc': [ '2.5.6' ],
21 silly audit   '@parcel/watcher-linux-arm-musl': [ '2.5.6' ],
21 silly audit   '@parcel/watcher-linux-arm64-glibc': [ '2.5.6' ],
21 silly audit   '@parcel/watcher-linux-arm64-musl': [ '2.5.6' ],
21 silly audit   '@parcel/watcher-linux-x64-glibc': [ '2.5.6' ],
21 silly audit   '@parcel/watcher-linux-x64-musl': [ '2.5.6' ],
21 silly audit   '@parcel/watcher-win32-arm64': [ '2.5.6' ],
21 silly audit   '@parcel/watcher-win32-ia32': [ '2.5.6' ],
21 silly audit   '@parcel/watcher-win32-x64': [ '2.5.6' ],
21 silly audit   'node-addon-api': [ '7.1.1', '6.1.0' ],
21 silly audit   '@popperjs/core': [ '2.11.8' ],
21 silly audit   '@rolldown/binding-android-arm64': [ '1.0.0-rc.4' ],
21 silly audit   '@rolldown/binding-darwin-arm64': [ '1.0.0-rc.4' ],
21 silly audit   '@rolldown/binding-darwin-x64': [ '1.0.0-rc.4' ],
21 silly audit   '@rolldown/binding-freebsd-x64': [ '1.0.0-rc.4' ],
21 silly audit   '@rolldown/binding-linux-arm-gnueabihf': [ '1.0.0-rc.4' ],
21 silly audit   '@rolldown/binding-linux-arm64-gnu': [ '1.0.0-rc.4' ],
21 silly audit   '@rolldown/binding-linux-arm64-musl': [ '1.0.0-rc.4' ],
21 silly audit   '@rolldown/binding-linux-x64-gnu': [ '1.0.0-rc.4' ],
21 silly audit   '@rolldown/binding-linux-x64-musl': [ '1.0.0-rc.4' ],
21 silly audit   '@rolldown/binding-openharmony-arm64': [ '1.0.0-rc.4' ],
21 silly audit   '@rolldown/binding-wasm32-wasi': [ '1.0.0-rc.4' ],
21 silly audit   '@rolldown/binding-win32-arm64-msvc': [ '1.0.0-rc.4' ],
21 silly audit   '@rolldown/binding-win32-x64-msvc': [ '1.0.0-rc.4' ],
21 silly audit   '@rolldown/pluginutils': [ '1.0.0-rc.4' ],
21 silly audit   '@rollup/rollup-android-arm-eabi': [ '4.59.0' ],
21 silly audit   '@rollup/rollup-android-arm64': [ '4.59.0' ],
21 silly audit   '@rollup/rollup-darwin-arm64': [ '4.59.0' ],
21 silly audit   '@rollup/rollup-darwin-x64': [ '4.59.0' ],
21 silly audit   '@rollup/rollup-freebsd-arm64': [ '4.59.0' ],
21 silly audit   '@rollup/rollup-freebsd-x64': [ '4.59.0' ],
21 silly audit   '@rollup/rollup-linux-arm-gnueabihf': [ '4.59.0' ],
21 silly audit   '@rollup/rollup-linux-arm-musleabihf': [ '4.59.0' ],
21 silly audit   '@rollup/rollup-linux-arm64-gnu': [ '4.59.0' ],
21 silly audit   '@rollup/rollup-linux-arm64-musl': [ '4.59.0' ],
21 silly audit   '@rollup/rollup-linux-loong64-gnu': [ '4.59.0' ],
21 silly audit   '@rollup/rollup-linux-loong64-musl': [ '4.59.0' ],
21 silly audit   '@rollup/rollup-linux-ppc64-gnu': [ '4.59.0' ],
21 silly audit   '@rollup/rollup-linux-ppc64-musl': [ '4.59.0' ],
21 silly audit   '@rollup/rollup-linux-riscv64-gnu': [ '4.59.0' ],
21 silly audit   '@rollup/rollup-linux-riscv64-musl': [ '4.59.0' ],
21 silly audit   '@rollup/rollup-linux-s390x-gnu': [ '4.59.0' ],
21 silly audit   '@rollup/rollup-linux-x64-gnu': [ '4.59.0' ],
21 silly audit   '@rollup/rollup-linux-x64-musl': [ '4.59.0' ],
21 silly audit   '@rollup/rollup-openbsd-x64': [ '4.59.0' ],
21 silly audit   '@rollup/rollup-openharmony-arm64': [ '4.59.0' ],
21 silly audit   '@rollup/rollup-win32-arm64-msvc': [ '4.59.0' ],
21 silly audit   '@rollup/rollup-win32-ia32-msvc': [ '4.59.0' ],
21 silly audit   '@rollup/rollup-win32-x64-gnu': [ '4.59.0' ],
21 silly audit   '@rollup/rollup-win32-x64-msvc': [ '4.59.0' ],
21 silly audit   '@schematics/angular': [ '21.2.1' ],
21 silly audit   '@sigstore/bundle': [ '4.0.0' ],
21 silly audit   '@sigstore/core': [ '3.1.0' ],
21 silly audit   '@sigstore/protobuf-specs': [ '0.5.0' ],
21 silly audit   '@sigstore/sign': [ '4.1.0' ],
21 silly audit   '@sigstore/tuf': [ '4.0.1' ],
21 silly audit   '@sigstore/verify': [ '3.1.0' ],
21 silly audit   '@standard-schema/spec': [ '1.1.0' ],
21 silly audit   '@tufjs/canonical-json': [ '2.0.0' ],
21 silly audit   '@tufjs/models': [ '4.1.0' ],
21 silly audit   '@tybys/wasm-util': [ '0.10.1' ],
21 silly audit   '@types/babel__core': [ '7.20.5' ],
21 silly audit   '@types/babel__generator': [ '7.27.0' ],
21 silly audit   '@types/babel__template': [ '7.4.4' ],
21 silly audit   '@types/babel__traverse': [ '7.28.0' ],
21 silly audit   '@types/body-parser': [ '1.19.6' ],
21 silly audit   '@types/chai': [ '5.2.3' ],
21 silly audit   '@types/connect': [ '3.4.38' ],
21 silly audit   '@types/deep-eql': [ '4.0.2' ],
21 silly audit   '@types/estree': [ '1.0.8' ],
21 silly audit   '@types/express': [ '5.0.6' ],
21 silly audit   '@types/express-serve-static-core': [ '5.1.1' ],
21 silly audit   '@types/http-errors': [ '2.0.5' ],
21 silly audit   '@types/node': [ '20.19.37' ],
21 silly audit   '@types/qs': [ '6.15.0' ],
21 silly audit   '@types/range-parser': [ '1.2.7' ],
21 silly audit   '@types/send': [ '1.2.1' ],
21 silly audit   '@types/serve-static': [ '2.2.0' ],
21 silly audit   '@vitejs/plugin-basic-ssl': [ '2.1.4' ],
21 silly audit   '@vitest/expect': [ '4.0.18' ],
21 silly audit   '@vitest/mocker': [ '4.0.18' ],
21 silly audit   '@vitest/pretty-format': [ '4.0.18' ],
21 silly audit   '@vitest/runner': [ '4.0.18' ],
21 silly audit   '@vitest/snapshot': [ '4.0.18' ],
21 silly audit   '@vitest/spy': [ '4.0.18' ],
21 silly audit   '@vitest/utils': [ '4.0.18' ],
21 silly audit   '@yarnpkg/lockfile': [ '1.1.0' ],
21 silly audit   abbrev: [ '4.0.0' ],
21 silly audit   accepts: [ '2.0.0' ],
21 silly audit   'agent-base': [ '7.1.4' ],
21 silly audit   ajv: [ '8.18.0' ],
21 silly audit   'ajv-formats': [ '3.0.1' ],
21 silly audit   algoliasearch: [ '5.48.1' ],
21 silly audit   'ansi-escapes': [ '7.3.0' ],
21 silly audit   'ansi-regex': [ '6.2.2', '5.0.1' ],
21 silly audit   'ansi-styles': [ '6.2.3', '4.3.0' ],
21 silly audit   'assertion-error': [ '2.0.1' ],
21 silly audit   'balanced-match': [ '4.0.4' ],
21 silly audit   'baseline-browser-mapping': [ '2.10.0' ],
21 silly audit   beasties: [ '0.4.1' ],
21 silly audit   'bidi-js': [ '1.0.3' ],
21 silly audit   'body-parser': [ '2.2.2' ],
21 silly audit   boolbase: [ '1.0.0' ],
21 silly audit   bootstrap: [ '5.3.8' ],
21 silly audit   'bootstrap-icons': [ '1.13.1' ],
21 silly audit   'brace-expansion': [ '5.0.4' ],
21 silly audit   browserslist: [ '4.28.1' ],
21 silly audit   'buffer-from': [ '1.1.2' ],
21 silly audit   bytes: [ '3.1.2' ],
21 silly audit   cacache: [ '20.0.3' ],
21 silly audit   'call-bind-apply-helpers': [ '1.0.2' ],
21 silly audit   'call-bound': [ '1.0.4' ],
21 silly audit   'caniuse-lite': [ '1.0.30001777' ],
21 silly audit   chai: [ '6.2.2' ],
21 silly audit   chalk: [ '5.6.2' ],
21 silly audit   chardet: [ '2.1.1' ],
21 silly audit   chokidar: [ '5.0.0', '4.0.3' ],
21 silly audit   chownr: [ '3.0.0' ],
21 silly audit   'cli-cursor': [ '5.0.0' ],
21 silly audit   'cli-spinners': [ '3.4.0' ],
21 silly audit   'cli-truncate': [ '5.2.0' ],
21 silly audit   'cli-width': [ '4.1.0' ],
21 silly audit   cliui: [ '9.0.1' ],
21 silly audit   'string-width': [ '7.2.0', '8.2.0', '4.2.3' ],
21 silly audit   'wrap-ansi': [ '9.0.2', '6.2.0' ],
21 silly audit   'color-convert': [ '2.0.1' ],
21 silly audit   'color-name': [ '1.1.4' ],
21 silly audit   colorette: [ '2.0.20' ],
21 silly audit   'content-disposition': [ '1.0.1' ],
21 silly audit   'content-type': [ '1.0.5' ],
21 silly audit   cookie: [ '0.7.2' ],
21 silly audit   'cookie-signature': [ '1.2.2' ],
21 silly audit   cors: [ '2.8.6' ],
21 silly audit   'cross-spawn': [ '7.0.6' ],
21 silly audit   'css-select': [ '6.0.0' ],
21 silly audit   'css-tree': [ '3.2.1' ],
21 silly audit   'css-what': [ '7.0.0' ],
21 silly audit   cssstyle: [ '6.2.0' ],
21 silly audit   'data-urls': [ '7.0.0' ],
21 silly audit   debug: [ '4.4.3' ],
21 silly audit   'decimal.js': [ '10.6.0' ],
21 silly audit   depd: [ '2.0.0' ],
21 silly audit   'detect-libc': [ '2.1.2' ],
21 silly audit   'dom-serializer': [ '2.0.0' ],
21 silly audit   domelementtype: [ '2.3.0' ],
21 silly audit   domhandler: [ '5.0.3' ],
21 silly audit   domutils: [ '3.2.2' ],
21 silly audit   'dunder-proto': [ '1.0.1' ],
21 silly audit   'ee-first': [ '1.1.1' ],
21 silly audit   'electron-to-chromium': [ '1.5.307' ],
21 silly audit   'emoji-regex': [ '10.6.0', '8.0.0' ],
21 silly audit   encodeurl: [ '2.0.0' ],
21 silly audit   entities: [ '4.5.0', '7.0.1', '6.0.1' ],
21 silly audit   'env-paths': [ '2.2.1' ],
21 silly audit   environment: [ '1.1.0' ],
21 silly audit   'err-code': [ '2.0.3' ],
21 silly audit   'es-define-property': [ '1.0.1' ],
21 silly audit   'es-errors': [ '1.3.0' ],
21 silly audit   'es-module-lexer': [ '1.7.0' ],
21 silly audit   'es-object-atoms': [ '1.1.1' ],
21 silly audit   esbuild: [ '0.27.3' ],
21 silly audit   escalade: [ '3.2.0' ],
21 silly audit   'escape-html': [ '1.0.3' ],
21 silly audit   'estree-walker': [ '3.0.3' ],
21 silly audit   etag: [ '1.8.1' ],
21 silly audit   eventemitter3: [ '5.0.4' ],
21 silly audit   eventsource: [ '3.0.7' ],
21 silly audit   'eventsource-parser': [ '3.0.6' ],
21 silly audit   'expect-type': [ '1.3.0' ],
21 silly audit   'exponential-backoff': [ '3.1.3' ],
21 silly audit   express: [ '5.2.1' ],
21 silly audit   'express-rate-limit': [ '8.3.0' ],
21 silly audit   'fast-deep-equal': [ '3.1.3' ],
21 silly audit   'fast-uri': [ '3.1.0' ],
21 silly audit   fdir: [ '6.5.0' ],
21 silly audit   finalhandler: [ '2.1.1' ],
21 silly audit   forwarded: [ '0.2.0' ],
21 silly audit   fresh: [ '2.0.0' ],
21 silly audit   'fs-minipass': [ '3.0.3' ],
21 silly audit   fsevents: [ '2.3.3' ],
21 silly audit   'function-bind': [ '1.1.2' ],
21 silly audit   gensync: [ '1.0.0-beta.2' ],
21 silly audit   'get-caller-file': [ '2.0.5' ],
21 silly audit   'get-east-asian-width': [ '1.5.0' ],
21 silly audit   'get-intrinsic': [ '1.3.0' ],
21 silly audit   'get-proto': [ '1.0.1' ],
21 silly audit   glob: [ '13.0.6' ],
21 silly audit   'glob-to-regexp': [ '0.4.1' ],
21 silly audit   gopd: [ '1.2.0' ],
21 silly audit   'graceful-fs': [ '4.2.11' ],
21 silly audit   'has-symbols': [ '1.1.0' ],
21 silly audit   hasown: [ '2.0.2' ],
21 silly audit   hono: [ '4.12.5' ],
21 silly audit   'hosted-git-info': [ '9.0.2' ],
21 silly audit   'html-encoding-sniffer': [ '6.0.0' ],
21 silly audit   htmlparser2: [ '10.1.0' ],
21 silly audit   'http-cache-semantics': [ '4.2.0' ],
21 silly audit   'http-errors': [ '2.0.1' ],
21 silly audit   'http-proxy-agent': [ '7.0.2' ],
21 silly audit   'https-proxy-agent': [ '7.0.6' ],
21 silly audit   'iconv-lite': [ '0.7.2' ],
21 silly audit   'ignore-walk': [ '8.0.0' ],
21 silly audit   immutable: [ '5.1.5' ],
21 silly audit   imurmurhash: [ '0.1.4' ],
21 silly audit   inherits: [ '2.0.4' ],
21 silly audit   ini: [ '6.0.0' ],
21 silly audit   'ip-address': [ '10.1.0' ],
21 silly audit   'ipaddr.js': [ '1.9.1' ],
21 silly audit   'is-extglob': [ '2.1.1' ],
21 silly audit   'is-fullwidth-code-point': [ '5.1.0', '3.0.0' ],
21 silly audit   'is-glob': [ '4.0.3' ],
21 silly audit   'is-interactive': [ '2.0.0' ],
21 silly audit   'is-potential-custom-element-name': [ '1.0.1' ],
21 silly audit   'is-promise': [ '4.0.0' ],
21 silly audit   'is-unicode-supported': [ '2.1.0' ],
21 silly audit   'istanbul-lib-coverage': [ '3.2.2' ],
21 silly audit   'istanbul-lib-instrument': [ '6.0.3' ],
21 silly audit   jose: [ '6.2.0' ],
21 silly audit   'js-tokens': [ '4.0.0' ],
21 silly audit   jsdom: [ '28.1.0' ],
21 silly audit   jsesc: [ '3.1.0' ],
21 silly audit   'json-parse-even-better-errors': [ '5.0.0' ],
21 silly audit   'json-schema-traverse': [ '1.0.0' ],
21 silly audit   'json-schema-typed': [ '8.0.2' ],
21 silly audit   json5: [ '2.2.3' ],
21 silly audit   'jsonc-parser': [ '3.3.1' ],
21 silly audit   jsonparse: [ '1.3.1' ],
21 silly audit   listr2: [ '9.0.5' ],
21 silly audit   lmdb: [ '3.5.1' ],
21 silly audit   'log-symbols': [ '7.0.1' ],
21 silly audit   'log-update': [ '6.1.0' ],
21 silly audit   'slice-ansi': [ '7.1.2', '8.0.0' ],
21 silly audit   'magic-string': [ '0.30.21' ],
21 silly audit   'make-fetch-happen': [ '15.0.4' ],
21 silly audit   'math-intrinsics': [ '1.1.0' ],
21 silly audit   'mdn-data': [ '2.27.1' ],
21 silly audit   'media-typer': [ '1.1.0' ],
21 silly audit   'merge-descriptors': [ '2.0.0' ],
21 silly audit   'mime-db': [ '1.54.0' ],
21 silly audit   'mime-types': [ '3.0.2' ],
21 silly audit   'mimic-function': [ '5.0.1' ],
21 silly audit   minimatch: [ '10.2.4' ],
21 silly audit   minipass: [ '7.1.3', '3.3.6' ],
21 silly audit   'minipass-collect': [ '2.0.1' ],
21 silly audit   'minipass-fetch': [ '5.0.2' ],
21 silly audit   'minipass-flush': [ '1.0.5' ],
21 silly audit   yallist: [ '4.0.0', '5.0.0', '3.1.1' ],
21 silly audit   'minipass-pipeline': [ '1.2.4' ],
21 silly audit   'minipass-sized': [ '2.0.0' ],
21 silly audit   minizlib: [ '3.1.0' ],
21 silly audit   mrmime: [ '2.0.1' ],
21 silly audit   ms: [ '2.1.3' ],
21 silly audit   msgpackr: [ '1.11.8' ],
21 silly audit   'msgpackr-extract': [ '3.0.3' ],
21 silly audit   'mute-stream': [ '2.0.0' ],
21 silly audit   nanoid: [ '3.3.11' ],
21 silly audit   negotiator: [ '1.0.0' ],
21 silly audit   'node-gyp': [ '12.2.0' ],
21 silly audit   'node-gyp-build-optional-packages': [ '5.2.2' ],
21 silly audit   'node-releases': [ '2.0.36' ],
21 silly audit   nopt: [ '9.0.0' ],
21 silly audit   'npm-bundled': [ '5.0.0' ],
21 silly audit   'npm-install-checks': [ '8.0.0' ],
21 silly audit   'npm-normalize-package-bin': [ '5.0.0' ],
21 silly audit   'npm-package-arg': [ '13.0.2' ],
21 silly audit   'npm-packlist': [ '10.0.4' ],
21 silly audit   'npm-pick-manifest': [ '11.0.3' ],
21 silly audit   'npm-registry-fetch': [ '19.1.1' ],
21 silly audit   'nth-check': [ '2.1.1' ],
21 silly audit   'object-assign': [ '4.1.1' ],
21 silly audit   'object-inspect': [ '1.13.4' ],
21 silly audit   obug: [ '2.1.1' ],
21 silly audit   'on-finished': [ '2.4.1' ],
21 silly audit   once: [ '1.4.0' ],
21 silly audit   onetime: [ '7.0.0' ],
21 silly audit   ora: [ '9.3.0' ],
21 silly audit   'ordered-binary': [ '1.6.1' ],
21 silly audit   'p-map': [ '7.0.4' ],
21 silly audit   pacote: [ '21.3.1' ],
21 silly audit   parse5: [ '8.0.0' ],
21 silly audit   'parse5-html-rewriting-stream': [ '8.0.0' ],
21 silly audit   'parse5-sax-parser': [ '8.0.0' ],
21 silly audit   parseurl: [ '1.3.3' ],
21 silly audit   'path-key': [ '3.1.1' ],
21 silly audit   'path-scurry': [ '2.0.2' ],
21 silly audit   'path-to-regexp': [ '8.3.0' ],
21 silly audit   pathe: [ '2.0.3' ],
21 silly audit   picocolors: [ '1.1.1' ],
21 silly audit   picomatch: [ '4.0.3' ],
21 silly audit   piscina: [ '5.1.4' ],
21 silly audit   'pkce-challenge': [ '5.0.1' ],
21 silly audit   postcss: [ '8.5.8' ],
21 silly audit   'postcss-media-query-parser': [ '0.2.3' ],
21 silly audit   'postcss-safe-parser': [ '7.0.1' ],
21 silly audit   prettier: [ '3.8.1' ],
21 silly audit   'proc-log': [ '6.1.0' ],
21 silly audit   'promise-retry': [ '2.0.1' ],
21 silly audit   retry: [ '0.12.0', '0.13.1' ],
21 silly audit   'proxy-addr': [ '2.0.7' ],
21 silly audit   punycode: [ '2.3.1' ],
21 silly audit   qs: [ '6.15.0' ],
21 silly audit   'range-parser': [ '1.2.1' ],
21 silly audit   'raw-body': [ '3.0.2' ],
21 silly audit   readdirp: [ '5.0.0', '4.1.2' ],
21 silly audit   'reflect-metadata': [ '0.2.2' ],
21 silly audit   'require-from-string': [ '2.0.2' ],
21 silly audit   'restore-cursor': [ '5.1.0' ],
21 silly audit   rfdc: [ '1.4.1' ],
21 silly audit   rolldown: [ '1.0.0-rc.4' ],
21 silly audit   rollup: [ '4.59.0' ],
21 silly audit   router: [ '2.2.0' ],
21 silly audit   rxjs: [ '7.8.2' ],
21 silly audit   'safer-buffer': [ '2.1.2' ],
21 silly audit   sass: [ '1.97.3' ],
21 silly audit   saxes: [ '6.0.0' ],
21 silly audit   send: [ '1.2.1' ],
21 silly audit   'serve-static': [ '2.2.1' ],
21 silly audit   setprototypeof: [ '1.2.0' ],
21 silly audit   'shebang-command': [ '2.0.0' ],
21 silly audit   'shebang-regex': [ '3.0.0' ],
21 silly audit   'side-channel': [ '1.1.0' ],
21 silly audit   'side-channel-list': [ '1.0.0' ],
21 silly audit   'side-channel-map': [ '1.0.1' ],
21 silly audit   'side-channel-weakmap': [ '1.0.2' ],
21 silly audit   siginfo: [ '2.0.0' ],
21 silly audit   'signal-exit': [ '4.1.0' ],
21 silly audit   sigstore: [ '4.1.0' ],
21 silly audit   'smart-buffer': [ '4.2.0' ],
21 silly audit   socks: [ '2.8.7' ],
21 silly audit   'socks-proxy-agent': [ '8.0.5' ],
21 silly audit   'source-map': [ '0.7.6', '0.6.1' ],
21 silly audit   'source-map-js': [ '1.2.1' ],
21 silly audit   'source-map-support': [ '0.5.21' ],
21 silly audit   'spdx-exceptions': [ '2.5.0' ],
21 silly audit   'spdx-expression-parse': [ '4.0.0' ],
21 silly audit   'spdx-license-ids': [ '3.0.23' ],
21 silly audit   ssri: [ '13.0.1' ],
21 silly audit   stackback: [ '0.0.2' ],
21 silly audit   statuses: [ '2.0.2' ],
21 silly audit   'std-env': [ '3.10.0' ],
21 silly audit   'stdin-discarder': [ '0.3.1' ],
21 silly audit   'strip-ansi': [ '7.2.0', '6.0.1' ],
21 silly audit   'symbol-tree': [ '3.2.4' ],
21 silly audit   tar: [ '7.5.10' ],
21 silly audit   tinybench: [ '2.9.0' ],
21 silly audit   tinyexec: [ '1.0.2' ],
21 silly audit   tinyglobby: [ '0.2.15' ],
21 silly audit   tinyrainbow: [ '3.0.3' ],
21 silly audit   tldts: [ '7.0.25' ],
21 silly audit   'tldts-core': [ '7.0.25' ],
21 silly audit   toidentifier: [ '1.0.1' ],
21 silly audit   'tough-cookie': [ '6.0.0' ],
21 silly audit   tr46: [ '6.0.0' ],
21 silly audit   tslib: [ '2.8.1' ],
21 silly audit   'tuf-js': [ '4.1.0' ],
21 silly audit   'type-is': [ '2.0.1' ],
21 silly audit   typescript: [ '5.9.3' ],
21 silly audit   undici: [ '7.22.0' ],
21 silly audit   'undici-types': [ '6.21.0' ],
21 silly audit   'unique-filename': [ '5.0.0' ],
21 silly audit   'unique-slug': [ '6.0.0' ],
21 silly audit   unpipe: [ '1.0.0' ],
21 silly audit   'update-browserslist-db': [ '1.2.3' ],
21 silly audit   'validate-npm-package-name': [ '7.0.2' ],
21 silly audit   vary: [ '1.1.2' ],
21 silly audit   vite: [ '7.3.1' ],
21 silly audit   vitest: [ '4.0.18' ],
21 silly audit   'w3c-xmlserializer': [ '5.0.0' ],
21 silly audit   watchpack: [ '2.5.1' ],
21 silly audit   'weak-lru-cache': [ '1.2.2' ],
21 silly audit   'webidl-conversions': [ '8.0.1' ],
21 silly audit   'whatwg-mimetype': [ '5.0.0' ],
21 silly audit   'whatwg-url': [ '16.0.1' ],
21 silly audit   'why-is-node-running': [ '2.3.0' ],
21 silly audit   wrappy: [ '1.0.2' ],
21 silly audit   xhr2: [ '0.2.1' ],
21 silly audit   'xml-name-validator': [ '5.0.0' ],
21 silly audit   xmlchars: [ '2.2.0' ],
21 silly audit   y18n: [ '5.0.8' ],
21 silly audit   yargs: [ '18.0.0' ],
21 silly audit   'yargs-parser': [ '22.0.0' ],
21 silly audit   yoctocolors: [ '2.1.2' ],
21 silly audit   'yoctocolors-cjs': [ '2.1.3' ],
21 silly audit   zod: [ '4.3.6' ],
21 silly audit   'zod-to-json-schema': [ '3.25.1' ],
21 silly audit   'zone.js': [ '0.15.1' ]
21 silly audit }
22 verbose reify failed optional dependency C:\Users\mehar\PROJECTS\MY-PROJECT\Store-Admin\node_modules\fsevents
23 silly reify mark deleted [
23 silly reify   'C:\\Users\\mehar\\PROJECTS\\MY-PROJECT\\Store-Admin\\node_modules\\fsevents'
23 silly reify ]
24 verbose reify failed optional dependency C:\Users\mehar\PROJECTS\MY-PROJECT\Store-Admin\node_modules\@rollup\rollup-win32-ia32-msvc
25 silly reify mark deleted [
25 silly reify   'C:\\Users\\mehar\\PROJECTS\\MY-PROJECT\\Store-Admin\\node_modules\\@rollup\\rollup-win32-ia32-msvc'
25 silly reify ]
26 verbose reify failed optional dependency C:\Users\mehar\PROJECTS\MY-PROJECT\Store-Admin\node_modules\@rollup\rollup-win32-arm64-msvc
27 silly reify mark deleted [
27 silly reify   'C:\\Users\\mehar\\PROJECTS\\MY-PROJECT\\Store-Admin\\node_modules\\@rollup\\rollup-win32-arm64-msvc'
27 silly reify ]
28 verbose reify failed optional dependency C:\Users\mehar\PROJECTS\MY-PROJECT\Store-Admin\node_modules\@rollup\rollup-openharmony-arm64
29 silly reify mark deleted [
29 silly reify   'C:\\Users\\mehar\\PROJECTS\\MY-PROJECT\\Store-Admin\\node_modules\\@rollup\\rollup-openharmony-arm64'
29 silly reify ]
30 verbose reify failed optional dependency C:\Users\mehar\PROJECTS\MY-PROJECT\Store-Admin\node_modules\@rollup\rollup-openbsd-x64
31 silly reify mark deleted [
31 silly reify   'C:\\Users\\mehar\\PROJECTS\\MY-PROJECT\\Store-Admin\\node_modules\\@rollup\\rollup-openbsd-x64'
31 silly reify ]
32 verbose reify failed optional dependency C:\Users\mehar\PROJECTS\MY-PROJECT\Store-Admin\node_modules\@rollup\rollup-linux-x64-musl
33 silly reify mark deleted [
33 silly reify   'C:\\Users\\mehar\\PROJECTS\\MY-PROJECT\\Store-Admin\\node_modules\\@rollup\\rollup-linux-x64-musl'
33 silly reify ]
34 verbose reify failed optional dependency C:\Users\mehar\PROJECTS\MY-PROJECT\Store-Admin\node_modules\@rollup\rollup-linux-x64-gnu
35 silly reify mark deleted [
35 silly reify   'C:\\Users\\mehar\\PROJECTS\\MY-PROJECT\\Store-Admin\\node_modules\\@rollup\\rollup-linux-x64-gnu'
35 silly reify ]
36 verbose reify failed optional dependency C:\Users\mehar\PROJECTS\MY-PROJECT\Store-Admin\node_modules\@rollup\rollup-linux-s390x-gnu
37 silly reify mark deleted [
37 silly reify   'C:\\Users\\mehar\\PROJECTS\\MY-PROJECT\\Store-Admin\\node_modules\\@rollup\\rollup-linux-s390x-gnu'
37 silly reify ]
38 verbose reify failed optional dependency C:\Users\mehar\PROJECTS\MY-PROJECT\Store-Admin\node_modules\@rollup\rollup-linux-riscv64-musl
39 silly reify mark deleted [
39 silly reify   'C:\\Users\\mehar\\PROJECTS\\MY-PROJECT\\Store-Admin\\node_modules\\@rollup\\rollup-linux-riscv64-musl'
39 silly reify ]
40 verbose reify failed optional dependency C:\Users\mehar\PROJECTS\MY-PROJECT\Store-Admin\node_modules\@rollup\rollup-linux-riscv64-gnu
41 silly reify mark deleted [
41 silly reify   'C:\\Users\\mehar\\PROJECTS\\MY-PROJECT\\Store-Admin\\node_modules\\@rollup\\rollup-linux-riscv64-gnu'
41 silly reify ]
42 verbose reify failed optional dependency C:\Users\mehar\PROJECTS\MY-PROJECT\Store-Admin\node_modules\@rollup\rollup-linux-ppc64-musl
43 silly reify mark deleted [
43 silly reify   'C:\\Users\\mehar\\PROJECTS\\MY-PROJECT\\Store-Admin\\node_modules\\@rollup\\rollup-linux-ppc64-musl'
43 silly reify ]
44 verbose reify failed optional dependency C:\Users\mehar\PROJECTS\MY-PROJECT\Store-Admin\node_modules\@rollup\rollup-linux-ppc64-gnu
45 silly reify mark deleted [
45 silly reify   'C:\\Users\\mehar\\PROJECTS\\MY-PROJECT\\Store-Admin\\node_modules\\@rollup\\rollup-linux-ppc64-gnu'
45 silly reify ]
46 verbose reify failed optional dependency C:\Users\mehar\PROJECTS\MY-PROJECT\Store-Admin\node_modules\@rollup\rollup-linux-loong64-musl
47 silly reify mark deleted [
47 silly reify   'C:\\Users\\mehar\\PROJECTS\\MY-PROJECT\\Store-Admin\\node_modules\\@rollup\\rollup-linux-loong64-musl'
47 silly reify ]
48 verbose reify failed optional dependency C:\Users\mehar\PROJECTS\MY-PROJECT\Store-Admin\node_modules\@rollup\rollup-linux-loong64-gnu
49 silly reify mark deleted [
49 silly reify   'C:\\Users\\mehar\\PROJECTS\\MY-PROJECT\\Store-Admin\\node_modules\\@rollup\\rollup-linux-loong64-gnu'
49 silly reify ]
50 verbose reify failed optional dependency C:\Users\mehar\PROJECTS\MY-PROJECT\Store-Admin\node_modules\@rollup\rollup-linux-arm64-musl
51 silly reify mark deleted [
51 silly reify   'C:\\Users\\mehar\\PROJECTS\\MY-PROJECT\\Store-Admin\\node_modules\\@rollup\\rollup-linux-arm64-musl'
51 silly reify ]
52 verbose reify failed optional dependency C:\Users\mehar\PROJECTS\MY-PROJECT\Store-Admin\node_modules\@rollup\rollup-linux-arm64-gnu
53 silly reify mark deleted [
53 silly reify   'C:\\Users\\mehar\\PROJECTS\\MY-PROJECT\\Store-Admin\\node_modules\\@rollup\\rollup-linux-arm64-gnu'
53 silly reify ]
54 verbose reify failed optional dependency C:\Users\mehar\PROJECTS\MY-PROJECT\Store-Admin\node_modules\@rollup\rollup-linux-arm-musleabihf
55 silly reify mark deleted [
55 silly reify   'C:\\Users\\mehar\\PROJECTS\\MY-PROJECT\\Store-Admin\\node_modules\\@rollup\\rollup-linux-arm-musleabihf'
55 silly reify ]
56 verbose reify failed optional dependency C:\Users\mehar\PROJECTS\MY-PROJECT\Store-Admin\node_modules\@rollup\rollup-linux-arm-gnueabihf
57 silly reify mark deleted [
57 silly reify   'C:\\Users\\mehar\\PROJECTS\\MY-PROJECT\\Store-Admin\\node_modules\\@rollup\\rollup-linux-arm-gnueabihf'
57 silly reify ]
58 verbose reify failed optional dependency C:\Users\mehar\PROJECTS\MY-PROJECT\Store-Admin\node_modules\@rollup\rollup-freebsd-x64
59 silly reify mark deleted [
59 silly reify   'C:\\Users\\mehar\\PROJECTS\\MY-PROJECT\\Store-Admin\\node_modules\\@rollup\\rollup-freebsd-x64'
59 silly reify ]
60 verbose reify failed optional dependency C:\Users\mehar\PROJECTS\MY-PROJECT\Store-Admin\node_modules\@rollup\rollup-freebsd-arm64
61 silly reify mark deleted [
61 silly reify   'C:\\Users\\mehar\\PROJECTS\\MY-PROJECT\\Store-Admin\\node_modules\\@rollup\\rollup-freebsd-arm64'
61 silly reify ]
62 verbose reify failed optional dependency C:\Users\mehar\PROJECTS\MY-PROJECT\Store-Admin\node_modules\@rollup\rollup-darwin-x64
63 silly reify mark deleted [
63 silly reify   'C:\\Users\\mehar\\PROJECTS\\MY-PROJECT\\Store-Admin\\node_modules\\@rollup\\rollup-darwin-x64'
63 silly reify ]
64 verbose reify failed optional dependency C:\Users\mehar\PROJECTS\MY-PROJECT\Store-Admin\node_modules\@rollup\rollup-darwin-arm64
65 silly reify mark deleted [
65 silly reify   'C:\\Users\\mehar\\PROJECTS\\MY-PROJECT\\Store-Admin\\node_modules\\@rollup\\rollup-darwin-arm64'
65 silly reify ]
66 verbose reify failed optional dependency C:\Users\mehar\PROJECTS\MY-PROJECT\Store-Admin\node_modules\@rollup\rollup-android-arm64
67 silly reify mark deleted [
67 silly reify   'C:\\Users\\mehar\\PROJECTS\\MY-PROJECT\\Store-Admin\\node_modules\\@rollup\\rollup-android-arm64'
67 silly reify ]
68 verbose reify failed optional dependency C:\Users\mehar\PROJECTS\MY-PROJECT\Store-Admin\node_modules\@rollup\rollup-android-arm-eabi
69 silly reify mark deleted [
69 silly reify   'C:\\Users\\mehar\\PROJECTS\\MY-PROJECT\\Store-Admin\\node_modules\\@rollup\\rollup-android-arm-eabi'
69 silly reify ]
70 verbose reify failed optional dependency C:\Users\mehar\PROJECTS\MY-PROJECT\Store-Admin\node_modules\@rolldown\binding-win32-arm64-msvc
71 silly reify mark deleted [
71 silly reify   'C:\\Users\\mehar\\PROJECTS\\MY-PROJECT\\Store-Admin\\node_modules\\@rolldown\\binding-win32-arm64-msvc'
71 silly reify ]
72 verbose reify failed optional dependency C:\Users\mehar\PROJECTS\MY-PROJECT\Store-Admin\node_modules\@rolldown\binding-wasm32-wasi
73 silly reify mark deleted [
73 silly reify   'C:\\Users\\mehar\\PROJECTS\\MY-PROJECT\\Store-Admin\\node_modules\\@rolldown\\binding-wasm32-wasi'
73 silly reify ]
74 verbose reify failed optional dependency C:\Users\mehar\PROJECTS\MY-PROJECT\Store-Admin\node_modules\@napi-rs\wasm-runtime
75 silly reify mark deleted [
75 silly reify   'C:\\Users\\mehar\\PROJECTS\\MY-PROJECT\\Store-Admin\\node_modules\\@napi-rs\\wasm-runtime'
75 silly reify ]
76 verbose reify failed optional dependency C:\Users\mehar\PROJECTS\MY-PROJECT\Store-Admin\node_modules\@emnapi\core
77 silly reify mark deleted [
77 silly reify   'C:\\Users\\mehar\\PROJECTS\\MY-PROJECT\\Store-Admin\\node_modules\\@emnapi\\core'
77 silly reify ]
78 verbose reify failed optional dependency C:\Users\mehar\PROJECTS\MY-PROJECT\Store-Admin\node_modules\@emnapi\runtime
79 silly reify mark deleted [
79 silly reify   'C:\\Users\\mehar\\PROJECTS\\MY-PROJECT\\Store-Admin\\node_modules\\@emnapi\\runtime'
79 silly reify ]
80 verbose reify failed optional dependency C:\Users\mehar\PROJECTS\MY-PROJECT\Store-Admin\node_modules\@tybys\wasm-util
81 silly reify mark deleted [
81 silly reify   'C:\\Users\\mehar\\PROJECTS\\MY-PROJECT\\Store-Admin\\node_modules\\@tybys\\wasm-util'
81 silly reify ]
82 verbose reify failed optional dependency C:\Users\mehar\PROJECTS\MY-PROJECT\Store-Admin\node_modules\@emnapi\wasi-threads
83 silly reify mark deleted [
83 silly reify   'C:\\Users\\mehar\\PROJECTS\\MY-PROJECT\\Store-Admin\\node_modules\\@emnapi\\wasi-threads'
83 silly reify ]
84 verbose reify failed optional dependency C:\Users\mehar\PROJECTS\MY-PROJECT\Store-Admin\node_modules\@rolldown\binding-openharmony-arm64
85 silly reify mark deleted [
85 silly reify   'C:\\Users\\mehar\\PROJECTS\\MY-PROJECT\\Store-Admin\\node_modules\\@rolldown\\binding-openharmony-arm64'
85 silly reify ]
86 verbose reify failed optional dependency C:\Users\mehar\PROJECTS\MY-PROJECT\Store-Admin\node_modules\@rolldown\binding-linux-x64-musl
87 silly reify mark deleted [
87 silly reify   'C:\\Users\\mehar\\PROJECTS\\MY-PROJECT\\Store-Admin\\node_modules\\@rolldown\\binding-linux-x64-musl'
87 silly reify ]
88 verbose reify failed optional dependency C:\Users\mehar\PROJECTS\MY-PROJECT\Store-Admin\node_modules\@rolldown\binding-linux-x64-gnu
89 silly reify mark deleted [
89 silly reify   'C:\\Users\\mehar\\PROJECTS\\MY-PROJECT\\Store-Admin\\node_modules\\@rolldown\\binding-linux-x64-gnu'
89 silly reify ]
90 verbose reify failed optional dependency C:\Users\mehar\PROJECTS\MY-PROJECT\Store-Admin\node_modules\@rolldown\binding-linux-arm64-musl
91 silly reify mark deleted [
91 silly reify   'C:\\Users\\mehar\\PROJECTS\\MY-PROJECT\\Store-Admin\\node_modules\\@rolldown\\binding-linux-arm64-musl'
91 silly reify ]
92 verbose reify failed optional dependency C:\Users\mehar\PROJECTS\MY-PROJECT\Store-Admin\node_modules\@rolldown\binding-linux-arm64-gnu
93 silly reify mark deleted [
93 silly reify   'C:\\Users\\mehar\\PROJECTS\\MY-PROJECT\\Store-Admin\\node_modules\\@rolldown\\binding-linux-arm64-gnu'
93 silly reify ]
94 verbose reify failed optional dependency C:\Users\mehar\PROJECTS\MY-PROJECT\Store-Admin\node_modules\@rolldown\binding-linux-arm-gnueabihf
95 silly reify mark deleted [
95 silly reify   'C:\\Users\\mehar\\PROJECTS\\MY-PROJECT\\Store-Admin\\node_modules\\@rolldown\\binding-linux-arm-gnueabihf'
95 silly reify ]
96 verbose reify failed optional dependency C:\Users\mehar\PROJECTS\MY-PROJECT\Store-Admin\node_modules\@rolldown\binding-freebsd-x64
97 silly reify mark deleted [
97 silly reify   'C:\\Users\\mehar\\PROJECTS\\MY-PROJECT\\Store-Admin\\node_modules\\@rolldown\\binding-freebsd-x64'
97 silly reify ]
98 verbose reify failed optional dependency C:\Users\mehar\PROJECTS\MY-PROJECT\Store-Admin\node_modules\@rolldown\binding-darwin-x64
99 silly reify mark deleted [
99 silly reify   'C:\\Users\\mehar\\PROJECTS\\MY-PROJECT\\Store-Admin\\node_modules\\@rolldown\\binding-darwin-x64'
99 silly reify ]
100 verbose reify failed optional dependency C:\Users\mehar\PROJECTS\MY-PROJECT\Store-Admin\node_modules\@rolldown\binding-darwin-arm64
101 silly reify mark deleted [
101 silly reify   'C:\\Users\\mehar\\PROJECTS\\MY-PROJECT\\Store-Admin\\node_modules\\@rolldown\\binding-darwin-arm64'
101 silly reify ]
102 verbose reify failed optional dependency C:\Users\mehar\PROJECTS\MY-PROJECT\Store-Admin\node_modules\@rolldown\binding-android-arm64
103 silly reify mark deleted [
103 silly reify   'C:\\Users\\mehar\\PROJECTS\\MY-PROJECT\\Store-Admin\\node_modules\\@rolldown\\binding-android-arm64'
103 silly reify ]
104 verbose reify failed optional dependency C:\Users\mehar\PROJECTS\MY-PROJECT\Store-Admin\node_modules\@parcel\watcher-win32-ia32
105 silly reify mark deleted [
105 silly reify   'C:\\Users\\mehar\\PROJECTS\\MY-PROJECT\\Store-Admin\\node_modules\\@parcel\\watcher-win32-ia32'
105 silly reify ]
106 verbose reify failed optional dependency C:\Users\mehar\PROJECTS\MY-PROJECT\Store-Admin\node_modules\@parcel\watcher-win32-arm64
107 silly reify mark deleted [
107 silly reify   'C:\\Users\\mehar\\PROJECTS\\MY-PROJECT\\Store-Admin\\node_modules\\@parcel\\watcher-win32-arm64'
107 silly reify ]
108 verbose reify failed optional dependency C:\Users\mehar\PROJECTS\MY-PROJECT\Store-Admin\node_modules\@parcel\watcher-linux-x64-musl
109 silly reify mark deleted [
109 silly reify   'C:\\Users\\mehar\\PROJECTS\\MY-PROJECT\\Store-Admin\\node_modules\\@parcel\\watcher-linux-x64-musl'
109 silly reify ]
110 verbose reify failed optional dependency C:\Users\mehar\PROJECTS\MY-PROJECT\Store-Admin\node_modules\@parcel\watcher-linux-x64-glibc
111 silly reify mark deleted [
111 silly reify   'C:\\Users\\mehar\\PROJECTS\\MY-PROJECT\\Store-Admin\\node_modules\\@parcel\\watcher-linux-x64-glibc'
111 silly reify ]
112 verbose reify failed optional dependency C:\Users\mehar\PROJECTS\MY-PROJECT\Store-Admin\node_modules\@parcel\watcher-linux-arm64-musl
113 silly reify mark deleted [
113 silly reify   'C:\\Users\\mehar\\PROJECTS\\MY-PROJECT\\Store-Admin\\node_modules\\@parcel\\watcher-linux-arm64-musl'
113 silly reify ]
114 verbose reify failed optional dependency C:\Users\mehar\PROJECTS\MY-PROJECT\Store-Admin\node_modules\@parcel\watcher-linux-arm64-glibc
115 silly reify mark deleted [
115 silly reify   'C:\\Users\\mehar\\PROJECTS\\MY-PROJECT\\Store-Admin\\node_modules\\@parcel\\watcher-linux-arm64-glibc'
115 silly reify ]
116 verbose reify failed optional dependency C:\Users\mehar\PROJECTS\MY-PROJECT\Store-Admin\node_modules\@parcel\watcher-linux-arm-musl
117 silly reify mark deleted [
117 silly reify   'C:\\Users\\mehar\\PROJECTS\\MY-PROJECT\\Store-Admin\\node_modules\\@parcel\\watcher-linux-arm-musl'
117 silly reify ]
118 verbose reify failed optional dependency C:\Users\mehar\PROJECTS\MY-PROJECT\Store-Admin\node_modules\@parcel\watcher-linux-arm-glibc
119 silly reify mark deleted [
119 silly reify   'C:\\Users\\mehar\\PROJECTS\\MY-PROJECT\\Store-Admin\\node_modules\\@parcel\\watcher-linux-arm-glibc'
119 silly reify ]
120 verbose reify failed optional dependency C:\Users\mehar\PROJECTS\MY-PROJECT\Store-Admin\node_modules\@parcel\watcher-freebsd-x64
121 silly reify mark deleted [
121 silly reify   'C:\\Users\\mehar\\PROJECTS\\MY-PROJECT\\Store-Admin\\node_modules\\@parcel\\watcher-freebsd-x64'
121 silly reify ]
122 verbose reify failed optional dependency C:\Users\mehar\PROJECTS\MY-PROJECT\Store-Admin\node_modules\@parcel\watcher-darwin-x64
123 silly reify mark deleted [
123 silly reify   'C:\\Users\\mehar\\PROJECTS\\MY-PROJECT\\Store-Admin\\node_modules\\@parcel\\watcher-darwin-x64'
123 silly reify ]
124 verbose reify failed optional dependency C:\Users\mehar\PROJECTS\MY-PROJECT\Store-Admin\node_modules\@parcel\watcher-darwin-arm64
125 silly reify mark deleted [
125 silly reify   'C:\\Users\\mehar\\PROJECTS\\MY-PROJECT\\Store-Admin\\node_modules\\@parcel\\watcher-darwin-arm64'
125 silly reify ]
126 verbose reify failed optional dependency C:\Users\mehar\PROJECTS\MY-PROJECT\Store-Admin\node_modules\@parcel\watcher-android-arm64
127 silly reify mark deleted [
127 silly reify   'C:\\Users\\mehar\\PROJECTS\\MY-PROJECT\\Store-Admin\\node_modules\\@parcel\\watcher-android-arm64'
127 silly reify ]
128 verbose reify failed optional dependency C:\Users\mehar\PROJECTS\MY-PROJECT\Store-Admin\node_modules\@napi-rs\nice-win32-ia32-msvc
129 silly reify mark deleted [
129 silly reify   'C:\\Users\\mehar\\PROJECTS\\MY-PROJECT\\Store-Admin\\node_modules\\@napi-rs\\nice-win32-ia32-msvc'
129 silly reify ]
130 verbose reify failed optional dependency C:\Users\mehar\PROJECTS\MY-PROJECT\Store-Admin\node_modules\@napi-rs\nice-win32-arm64-msvc
131 silly reify mark deleted [
131 silly reify   'C:\\Users\\mehar\\PROJECTS\\MY-PROJECT\\Store-Admin\\node_modules\\@napi-rs\\nice-win32-arm64-msvc'
131 silly reify ]
132 verbose reify failed optional dependency C:\Users\mehar\PROJECTS\MY-PROJECT\Store-Admin\node_modules\@napi-rs\nice-openharmony-arm64
133 silly reify mark deleted [
133 silly reify   'C:\\Users\\mehar\\PROJECTS\\MY-PROJECT\\Store-Admin\\node_modules\\@napi-rs\\nice-openharmony-arm64'
133 silly reify ]
134 verbose reify failed optional dependency C:\Users\mehar\PROJECTS\MY-PROJECT\Store-Admin\node_modules\@napi-rs\nice-linux-x64-musl
135 silly reify mark deleted [
135 silly reify   'C:\\Users\\mehar\\PROJECTS\\MY-PROJECT\\Store-Admin\\node_modules\\@napi-rs\\nice-linux-x64-musl'
135 silly reify ]
136 verbose reify failed optional dependency C:\Users\mehar\PROJECTS\MY-PROJECT\Store-Admin\node_modules\@napi-rs\nice-linux-x64-gnu
137 silly reify mark deleted [
137 silly reify   'C:\\Users\\mehar\\PROJECTS\\MY-PROJECT\\Store-Admin\\node_modules\\@napi-rs\\nice-linux-x64-gnu'
137 silly reify ]
138 verbose reify failed optional dependency C:\Users\mehar\PROJECTS\MY-PROJECT\Store-Admin\node_modules\@napi-rs\nice-linux-s390x-gnu
139 silly reify mark deleted [
139 silly reify   'C:\\Users\\mehar\\PROJECTS\\MY-PROJECT\\Store-Admin\\node_modules\\@napi-rs\\nice-linux-s390x-gnu'
139 silly reify ]
140 verbose reify failed optional dependency C:\Users\mehar\PROJECTS\MY-PROJECT\Store-Admin\node_modules\@napi-rs\nice-linux-riscv64-gnu
141 silly reify mark deleted [
141 silly reify   'C:\\Users\\mehar\\PROJECTS\\MY-PROJECT\\Store-Admin\\node_modules\\@napi-rs\\nice-linux-riscv64-gnu'
141 silly reify ]
142 verbose reify failed optional dependency C:\Users\mehar\PROJECTS\MY-PROJECT\Store-Admin\node_modules\@napi-rs\nice-linux-ppc64-gnu
143 silly reify mark deleted [
143 silly reify   'C:\\Users\\mehar\\PROJECTS\\MY-PROJECT\\Store-Admin\\node_modules\\@napi-rs\\nice-linux-ppc64-gnu'
143 silly reify ]
144 verbose reify failed optional dependency C:\Users\mehar\PROJECTS\MY-PROJECT\Store-Admin\node_modules\@napi-rs\nice-linux-arm64-musl
145 silly reify mark deleted [
145 silly reify   'C:\\Users\\mehar\\PROJECTS\\MY-PROJECT\\Store-Admin\\node_modules\\@napi-rs\\nice-linux-arm64-musl'
145 silly reify ]
146 verbose reify failed optional dependency C:\Users\mehar\PROJECTS\MY-PROJECT\Store-Admin\node_modules\@napi-rs\nice-linux-arm64-gnu
147 silly reify mark deleted [
147 silly reify   'C:\\Users\\mehar\\PROJECTS\\MY-PROJECT\\Store-Admin\\node_modules\\@napi-rs\\nice-linux-arm64-gnu'
147 silly reify ]
148 verbose reify failed optional dependency C:\Users\mehar\PROJECTS\MY-PROJECT\Store-Admin\node_modules\@napi-rs\nice-linux-arm-gnueabihf
149 silly reify mark deleted [
149 silly reify   'C:\\Users\\mehar\\PROJECTS\\MY-PROJECT\\Store-Admin\\node_modules\\@napi-rs\\nice-linux-arm-gnueabihf'
149 silly reify ]
150 verbose reify failed optional dependency C:\Users\mehar\PROJECTS\MY-PROJECT\Store-Admin\node_modules\@napi-rs\nice-freebsd-x64
151 silly reify mark deleted [
151 silly reify   'C:\\Users\\mehar\\PROJECTS\\MY-PROJECT\\Store-Admin\\node_modules\\@napi-rs\\nice-freebsd-x64'
151 silly reify ]
152 verbose reify failed optional dependency C:\Users\mehar\PROJECTS\MY-PROJECT\Store-Admin\node_modules\@napi-rs\nice-darwin-x64
153 silly reify mark deleted [
153 silly reify   'C:\\Users\\mehar\\PROJECTS\\MY-PROJECT\\Store-Admin\\node_modules\\@napi-rs\\nice-darwin-x64'
153 silly reify ]
154 verbose reify failed optional dependency C:\Users\mehar\PROJECTS\MY-PROJECT\Store-Admin\node_modules\@napi-rs\nice-darwin-arm64
155 silly reify mark deleted [
155 silly reify   'C:\\Users\\mehar\\PROJECTS\\MY-PROJECT\\Store-Admin\\node_modules\\@napi-rs\\nice-darwin-arm64'
155 silly reify ]
156 verbose reify failed optional dependency C:\Users\mehar\PROJECTS\MY-PROJECT\Store-Admin\node_modules\@napi-rs\nice-android-arm64
157 silly reify mark deleted [
157 silly reify   'C:\\Users\\mehar\\PROJECTS\\MY-PROJECT\\Store-Admin\\node_modules\\@napi-rs\\nice-android-arm64'
157 silly reify ]
158 verbose reify failed optional dependency C:\Users\mehar\PROJECTS\MY-PROJECT\Store-Admin\node_modules\@napi-rs\nice-android-arm-eabi
159 silly reify mark deleted [
159 silly reify   'C:\\Users\\mehar\\PROJECTS\\MY-PROJECT\\Store-Admin\\node_modules\\@napi-rs\\nice-android-arm-eabi'
159 silly reify ]
160 verbose reify failed optional dependency C:\Users\mehar\PROJECTS\MY-PROJECT\Store-Admin\node_modules\@msgpackr-extract\msgpackr-extract-linux-x64
161 silly reify mark deleted [
161 silly reify   'C:\\Users\\mehar\\PROJECTS\\MY-PROJECT\\Store-Admin\\node_modules\\@msgpackr-extract\\msgpackr-extract-linux-x64'
161 silly reify ]
162 verbose reify failed optional dependency C:\Users\mehar\PROJECTS\MY-PROJECT\Store-Admin\node_modules\@msgpackr-extract\msgpackr-extract-linux-arm64
163 silly reify mark deleted [
163 silly reify   'C:\\Users\\mehar\\PROJECTS\\MY-PROJECT\\Store-Admin\\node_modules\\@msgpackr-extract\\msgpackr-extract-linux-arm64'
163 silly reify ]
164 verbose reify failed optional dependency C:\Users\mehar\PROJECTS\MY-PROJECT\Store-Admin\node_modules\@msgpackr-extract\msgpackr-extract-linux-arm
165 silly reify mark deleted [
165 silly reify   'C:\\Users\\mehar\\PROJECTS\\MY-PROJECT\\Store-Admin\\node_modules\\@msgpackr-extract\\msgpackr-extract-linux-arm'
165 silly reify ]
166 verbose reify failed optional dependency C:\Users\mehar\PROJECTS\MY-PROJECT\Store-Admin\node_modules\@msgpackr-extract\msgpackr-extract-darwin-x64
167 silly reify mark deleted [
167 silly reify   'C:\\Users\\mehar\\PROJECTS\\MY-PROJECT\\Store-Admin\\node_modules\\@msgpackr-extract\\msgpackr-extract-darwin-x64'
167 silly reify ]
168 verbose reify failed optional dependency C:\Users\mehar\PROJECTS\MY-PROJECT\Store-Admin\node_modules\@msgpackr-extract\msgpackr-extract-darwin-arm64
169 silly reify mark deleted [
169 silly reify   'C:\\Users\\mehar\\PROJECTS\\MY-PROJECT\\Store-Admin\\node_modules\\@msgpackr-extract\\msgpackr-extract-darwin-arm64'
169 silly reify ]
170 verbose reify failed optional dependency C:\Users\mehar\PROJECTS\MY-PROJECT\Store-Admin\node_modules\@lmdb\lmdb-win32-arm64
171 silly reify mark deleted [
171 silly reify   'C:\\Users\\mehar\\PROJECTS\\MY-PROJECT\\Store-Admin\\node_modules\\@lmdb\\lmdb-win32-arm64'
171 silly reify ]
172 verbose reify failed optional dependency C:\Users\mehar\PROJECTS\MY-PROJECT\Store-Admin\node_modules\@lmdb\lmdb-linux-x64
173 silly reify mark deleted [
173 silly reify   'C:\\Users\\mehar\\PROJECTS\\MY-PROJECT\\Store-Admin\\node_modules\\@lmdb\\lmdb-linux-x64'
173 silly reify ]
174 verbose reify failed optional dependency C:\Users\mehar\PROJECTS\MY-PROJECT\Store-Admin\node_modules\@lmdb\lmdb-linux-arm64
175 silly reify mark deleted [
175 silly reify   'C:\\Users\\mehar\\PROJECTS\\MY-PROJECT\\Store-Admin\\node_modules\\@lmdb\\lmdb-linux-arm64'
175 silly reify ]
176 verbose reify failed optional dependency C:\Users\mehar\PROJECTS\MY-PROJECT\Store-Admin\node_modules\@lmdb\lmdb-linux-arm
177 silly reify mark deleted [
177 silly reify   'C:\\Users\\mehar\\PROJECTS\\MY-PROJECT\\Store-Admin\\node_modules\\@lmdb\\lmdb-linux-arm'
177 silly reify ]
178 verbose reify failed optional dependency C:\Users\mehar\PROJECTS\MY-PROJECT\Store-Admin\node_modules\@lmdb\lmdb-darwin-x64
179 silly reify mark deleted [
179 silly reify   'C:\\Users\\mehar\\PROJECTS\\MY-PROJECT\\Store-Admin\\node_modules\\@lmdb\\lmdb-darwin-x64'
179 silly reify ]
180 verbose reify failed optional dependency C:\Users\mehar\PROJECTS\MY-PROJECT\Store-Admin\node_modules\@lmdb\lmdb-darwin-arm64
181 silly reify mark deleted [
181 silly reify   'C:\\Users\\mehar\\PROJECTS\\MY-PROJECT\\Store-Admin\\node_modules\\@lmdb\\lmdb-darwin-arm64'
181 silly reify ]
182 verbose reify failed optional dependency C:\Users\mehar\PROJECTS\MY-PROJECT\Store-Admin\node_modules\@esbuild\win32-ia32
183 silly reify mark deleted [
183 silly reify   'C:\\Users\\mehar\\PROJECTS\\MY-PROJECT\\Store-Admin\\node_modules\\@esbuild\\win32-ia32'
183 silly reify ]
184 verbose reify failed optional dependency C:\Users\mehar\PROJECTS\MY-PROJECT\Store-Admin\node_modules\@esbuild\win32-arm64
185 silly reify mark deleted [
185 silly reify   'C:\\Users\\mehar\\PROJECTS\\MY-PROJECT\\Store-Admin\\node_modules\\@esbuild\\win32-arm64'
185 silly reify ]
186 verbose reify failed optional dependency C:\Users\mehar\PROJECTS\MY-PROJECT\Store-Admin\node_modules\@esbuild\sunos-x64
187 silly reify mark deleted [
187 silly reify   'C:\\Users\\mehar\\PROJECTS\\MY-PROJECT\\Store-Admin\\node_modules\\@esbuild\\sunos-x64'
187 silly reify ]
188 verbose reify failed optional dependency C:\Users\mehar\PROJECTS\MY-PROJECT\Store-Admin\node_modules\@esbuild\openharmony-arm64
189 silly reify mark deleted [
189 silly reify   'C:\\Users\\mehar\\PROJECTS\\MY-PROJECT\\Store-Admin\\node_modules\\@esbuild\\openharmony-arm64'
189 silly reify ]
190 verbose reify failed optional dependency C:\Users\mehar\PROJECTS\MY-PROJECT\Store-Admin\node_modules\@esbuild\openbsd-x64
191 silly reify mark deleted [
191 silly reify   'C:\\Users\\mehar\\PROJECTS\\MY-PROJECT\\Store-Admin\\node_modules\\@esbuild\\openbsd-x64'
191 silly reify ]
192 verbose reify failed optional dependency C:\Users\mehar\PROJECTS\MY-PROJECT\Store-Admin\node_modules\@esbuild\openbsd-arm64
193 silly reify mark deleted [
193 silly reify   'C:\\Users\\mehar\\PROJECTS\\MY-PROJECT\\Store-Admin\\node_modules\\@esbuild\\openbsd-arm64'
193 silly reify ]
194 verbose reify failed optional dependency C:\Users\mehar\PROJECTS\MY-PROJECT\Store-Admin\node_modules\@esbuild\netbsd-x64
195 silly reify mark deleted [
195 silly reify   'C:\\Users\\mehar\\PROJECTS\\MY-PROJECT\\Store-Admin\\node_modules\\@esbuild\\netbsd-x64'
195 silly reify ]
196 verbose reify failed optional dependency C:\Users\mehar\PROJECTS\MY-PROJECT\Store-Admin\node_modules\@esbuild\netbsd-arm64
197 silly reify mark deleted [
197 silly reify   'C:\\Users\\mehar\\PROJECTS\\MY-PROJECT\\Store-Admin\\node_modules\\@esbuild\\netbsd-arm64'
197 silly reify ]
198 verbose reify failed optional dependency C:\Users\mehar\PROJECTS\MY-PROJECT\Store-Admin\node_modules\@esbuild\linux-x64
199 silly reify mark deleted [
199 silly reify   'C:\\Users\\mehar\\PROJECTS\\MY-PROJECT\\Store-Admin\\node_modules\\@esbuild\\linux-x64'
199 silly reify ]
200 verbose reify failed optional dependency C:\Users\mehar\PROJECTS\MY-PROJECT\Store-Admin\node_modules\@esbuild\linux-s390x
201 silly reify mark deleted [
201 silly reify   'C:\\Users\\mehar\\PROJECTS\\MY-PROJECT\\Store-Admin\\node_modules\\@esbuild\\linux-s390x'
201 silly reify ]
202 verbose reify failed optional dependency C:\Users\mehar\PROJECTS\MY-PROJECT\Store-Admin\node_modules\@esbuild\linux-riscv64
203 silly reify mark deleted [
203 silly reify   'C:\\Users\\mehar\\PROJECTS\\MY-PROJECT\\Store-Admin\\node_modules\\@esbuild\\linux-riscv64'
203 silly reify ]
204 verbose reify failed optional dependency C:\Users\mehar\PROJECTS\MY-PROJECT\Store-Admin\node_modules\@esbuild\linux-ppc64
205 silly reify mark deleted [
205 silly reify   'C:\\Users\\mehar\\PROJECTS\\MY-PROJECT\\Store-Admin\\node_modules\\@esbuild\\linux-ppc64'
205 silly reify ]
206 verbose reify failed optional dependency C:\Users\mehar\PROJECTS\MY-PROJECT\Store-Admin\node_modules\@esbuild\linux-mips64el
207 silly reify mark deleted [
207 silly reify   'C:\\Users\\mehar\\PROJECTS\\MY-PROJECT\\Store-Admin\\node_modules\\@esbuild\\linux-mips64el'
207 silly reify ]
208 verbose reify failed optional dependency C:\Users\mehar\PROJECTS\MY-PROJECT\Store-Admin\node_modules\@esbuild\linux-loong64
209 silly reify mark deleted [
209 silly reify   'C:\\Users\\mehar\\PROJECTS\\MY-PROJECT\\Store-Admin\\node_modules\\@esbuild\\linux-loong64'
209 silly reify ]
210 verbose reify failed optional dependency C:\Users\mehar\PROJECTS\MY-PROJECT\Store-Admin\node_modules\@esbuild\linux-ia32
211 silly reify mark deleted [
211 silly reify   'C:\\Users\\mehar\\PROJECTS\\MY-PROJECT\\Store-Admin\\node_modules\\@esbuild\\linux-ia32'
211 silly reify ]
212 verbose reify failed optional dependency C:\Users\mehar\PROJECTS\MY-PROJECT\Store-Admin\node_modules\@esbuild\linux-arm64
213 silly reify mark deleted [
213 silly reify   'C:\\Users\\mehar\\PROJECTS\\MY-PROJECT\\Store-Admin\\node_modules\\@esbuild\\linux-arm64'
213 silly reify ]
214 verbose reify failed optional dependency C:\Users\mehar\PROJECTS\MY-PROJECT\Store-Admin\node_modules\@esbuild\linux-arm
215 silly reify mark deleted [
215 silly reify   'C:\\Users\\mehar\\PROJECTS\\MY-PROJECT\\Store-Admin\\node_modules\\@esbuild\\linux-arm'
215 silly reify ]
216 verbose reify failed optional dependency C:\Users\mehar\PROJECTS\MY-PROJECT\Store-Admin\node_modules\@esbuild\freebsd-x64
217 silly reify mark deleted [
217 silly reify   'C:\\Users\\mehar\\PROJECTS\\MY-PROJECT\\Store-Admin\\node_modules\\@esbuild\\freebsd-x64'
217 silly reify ]
218 verbose reify failed optional dependency C:\Users\mehar\PROJECTS\MY-PROJECT\Store-Admin\node_modules\@esbuild\freebsd-arm64
219 silly reify mark deleted [
219 silly reify   'C:\\Users\\mehar\\PROJECTS\\MY-PROJECT\\Store-Admin\\node_modules\\@esbuild\\freebsd-arm64'
219 silly reify ]
220 verbose reify failed optional dependency C:\Users\mehar\PROJECTS\MY-PROJECT\Store-Admin\node_modules\@esbuild\darwin-x64
221 silly reify mark deleted [
221 silly reify   'C:\\Users\\mehar\\PROJECTS\\MY-PROJECT\\Store-Admin\\node_modules\\@esbuild\\darwin-x64'
221 silly reify ]
222 verbose reify failed optional dependency C:\Users\mehar\PROJECTS\MY-PROJECT\Store-Admin\node_modules\@esbuild\darwin-arm64
223 silly reify mark deleted [
223 silly reify   'C:\\Users\\mehar\\PROJECTS\\MY-PROJECT\\Store-Admin\\node_modules\\@esbuild\\darwin-arm64'
223 silly reify ]
224 verbose reify failed optional dependency C:\Users\mehar\PROJECTS\MY-PROJECT\Store-Admin\node_modules\@esbuild\android-x64
225 silly reify mark deleted [
225 silly reify   'C:\\Users\\mehar\\PROJECTS\\MY-PROJECT\\Store-Admin\\node_modules\\@esbuild\\android-x64'
225 silly reify ]
226 verbose reify failed optional dependency C:\Users\mehar\PROJECTS\MY-PROJECT\Store-Admin\node_modules\@esbuild\android-arm64
227 silly reify mark deleted [
227 silly reify   'C:\\Users\\mehar\\PROJECTS\\MY-PROJECT\\Store-Admin\\node_modules\\@esbuild\\android-arm64'
227 silly reify ]
228 verbose reify failed optional dependency C:\Users\mehar\PROJECTS\MY-PROJECT\Store-Admin\node_modules\@esbuild\android-arm
229 silly reify mark deleted [
229 silly reify   'C:\\Users\\mehar\\PROJECTS\\MY-PROJECT\\Store-Admin\\node_modules\\@esbuild\\android-arm'
229 silly reify ]
230 verbose reify failed optional dependency C:\Users\mehar\PROJECTS\MY-PROJECT\Store-Admin\node_modules\@esbuild\aix-ppc64
231 silly reify mark deleted [
231 silly reify   'C:\\Users\\mehar\\PROJECTS\\MY-PROJECT\\Store-Admin\\node_modules\\@esbuild\\aix-ppc64'
231 silly reify ]
232 http cache @emnapi/wasi-threads@https://registry.npmjs.org/@emnapi/wasi-threads/-/wasi-threads-1.1.0.tgz 0ms (cache hit)
233 http cache @napi-rs/wasm-runtime@https://registry.npmjs.org/@napi-rs/wasm-runtime/-/wasm-runtime-1.1.1.tgz 0ms (cache hit)
234 http cache @tybys/wasm-util@https://registry.npmjs.org/@tybys/wasm-util/-/wasm-util-0.10.1.tgz 0ms (cache hit)
235 http cache zone.js@https://registry.npmjs.org/zone.js/-/zone.js-0.15.1.tgz 0ms (cache hit)
236 silly tarball no local data for @emnapi/wasi-threads@https://registry.npmjs.org/@emnapi/wasi-threads/-/wasi-threads-1.1.0.tgz. Extracting by manifest.
237 silly tarball no local data for @napi-rs/wasm-runtime@https://registry.npmjs.org/@napi-rs/wasm-runtime/-/wasm-runtime-1.1.1.tgz. Extracting by manifest.
238 silly tarball no local data for @tybys/wasm-util@https://registry.npmjs.org/@tybys/wasm-util/-/wasm-util-0.10.1.tgz. Extracting by manifest.
239 http cache @emnapi/runtime@https://registry.npmjs.org/@emnapi/runtime/-/runtime-1.8.1.tgz 0ms (cache hit)
240 http cache @emnapi/core@https://registry.npmjs.org/@emnapi/core/-/core-1.8.1.tgz 0ms (cache hit)
241 silly tarball no local data for zone.js@https://registry.npmjs.org/zone.js/-/zone.js-0.15.1.tgz. Extracting by manifest.
242 silly tarball no local data for @emnapi/runtime@https://registry.npmjs.org/@emnapi/runtime/-/runtime-1.8.1.tgz. Extracting by manifest.
243 silly tarball no local data for @emnapi/core@https://registry.npmjs.org/@emnapi/core/-/core-1.8.1.tgz. Extracting by manifest.
244 http fetch POST 200 https://registry.npmjs.org/-/npm/v1/security/advisories/bulk 549ms
245 silly audit report {}
246 http fetch GET 200 https://registry.npmjs.org/@tybys/wasm-util/-/wasm-util-0.10.1.tgz 514ms (cache miss)
247 http fetch GET 200 https://registry.npmjs.org/@emnapi/runtime/-/runtime-1.8.1.tgz 520ms (cache miss)
248 http fetch GET 200 https://registry.npmjs.org/@emnapi/wasi-threads/-/wasi-threads-1.1.0.tgz 604ms (cache miss)
249 http fetch GET 200 https://registry.npmjs.org/@emnapi/core/-/core-1.8.1.tgz 815ms (cache miss)
250 http fetch GET 200 https://registry.npmjs.org/zone.js/-/zone.js-0.15.1.tgz 1020ms (cache miss)
251 http fetch GET 200 https://registry.npmjs.org/@napi-rs/wasm-runtime/-/wasm-runtime-1.1.1.tgz 2506ms (cache miss)
252 silly ADD node_modules/zone.js
253 silly ADD
254 silly ADD
255 silly ADD
256 silly ADD
257 silly ADD
258 silly ADD
259 silly ADD
260 silly ADD
261 silly ADD
262 silly ADD
263 silly ADD
264 silly ADD
265 silly ADD
266 silly ADD
267 silly ADD
268 silly ADD
269 silly ADD
270 silly ADD
271 silly ADD
272 silly ADD
273 silly ADD
274 silly ADD
275 silly ADD
276 silly ADD
277 silly ADD
278 silly ADD
279 silly ADD
280 silly ADD
281 silly ADD
282 silly ADD
283 silly ADD
284 silly ADD
285 silly ADD
286 silly ADD
287 silly ADD
288 silly ADD
289 silly ADD
290 silly ADD
291 silly ADD
292 silly ADD
293 silly ADD
294 silly ADD
295 silly ADD
296 silly ADD
297 silly ADD
298 silly ADD
299 silly ADD
300 silly ADD
301 silly ADD
302 silly ADD
303 silly ADD
304 silly ADD
305 silly ADD
306 silly ADD
307 silly ADD
308 silly ADD
309 silly ADD
310 silly ADD
311 silly ADD
312 silly ADD
313 silly ADD
314 silly ADD
315 silly ADD
316 silly ADD
317 silly ADD
318 silly ADD
319 silly ADD
320 silly ADD
321 silly ADD
322 silly ADD
323 silly ADD
324 silly ADD
325 silly ADD
326 silly ADD
327 silly ADD
328 silly ADD
329 silly ADD
330 silly ADD
331 silly ADD
332 silly ADD
333 silly ADD
334 silly ADD
335 silly ADD
336 silly ADD
337 silly ADD
338 silly ADD
339 silly ADD
340 silly ADD
341 silly ADD
342 silly ADD
343 silly ADD
344 silly ADD
345 silly ADD
346 silly ADD
347 silly ADD
348 silly ADD
349 silly ADD
350 silly ADD
351 silly ADD
352 silly ADD
353 silly ADD
354 silly ADD
355 silly ADD
356 silly ADD
357 silly ADD
358 verbose cwd C:\Users\mehar\PROJECTS\MY-PROJECT\Store-Admin
359 verbose os Windows_NT 10.0.26200
360 verbose node v22.19.0
361 verbose npm  v10.9.3
362 notice
362 notice New major version of npm available! 10.9.3 -> 11.11.0
362 notice Changelog: https://github.com/npm/cli/releases/tag/v11.11.0
362 notice To update run: npm install -g npm@11.11.0
362 notice  { force: true, [Symbol(proc-log.meta)]: true }
363 verbose exit 0
364 info ok
